<?xml version="1.0" encoding="UTF-8"?>
<!-- Generated by org.testng.reporters.JUnitReportReporter -->
<testsuite hostname="LAPTOP-M24LCFRU" failures="0" tests="1" name="Amazon.POC.SubmitOrderTest" time="15.803" errors="0" timestamp="2023-12-01T13:03:19 EST" skipped="0">
  <testcase classname="Amazon.POC.SubmitOrderTest" name="addToCartWithoutLogin" time="15.803"/>
</testsuite> <!-- Amazon.POC.SubmitOrderTest -->
