<?xml version="1.0" encoding="UTF-8"?>
<!-- Generated by org.testng.reporters.JUnitReportReporter -->
<testsuite hostname="LAPTOP-M24LCFRU" failures="0" tests="1" name="Amazon.POC.ErrorValidations" time="0.000" errors="0" timestamp="2023-12-01T13:00:45 EST" skipped="1">
  <testcase classname="Amazon.POC.ErrorValidations" name="submitorder" time="0.000">
    <skipped/>
  </testcase> <!-- submitorder -->
</testsuite> <!-- Amazon.POC.ErrorValidations -->
